<?xml version="1.0" encoding="UTF-8"?>
<testsuite xmlns:xsi="http://www.w3.org/2001/XMLSchema-instance" xsi:noNamespaceSchemaLocation="https://maven.apache.org/surefire/maven-surefire-plugin/xsd/surefire-test-report.xsd" name="TestSuite" time="142.739" tests="2" errors="0" skipped="0" failures="0">
  <properties>
    <property name="sun.desktop" value="windows"/>
    <property name="awt.toolkit" value="sun.awt.windows.WToolkit"/>
    <property name="file.encoding.pkg" value="sun.io"/>
    <property name="java.specification.version" value="1.8"/>
    <property name="sun.cpu.isalist" value="amd64"/>
    <property name="sun.jnu.encoding" value="Cp1256"/>
    <property name="java.class.path" value="C:\SeleniumAppium Scripts\POMJenkinsAIDExtn\target\test-classes;C:\SeleniumAppium Scripts\POMJenkinsAIDExtn\target\classes;C:\Users\dsg206.lcl\.m2\repository\org\seleniumhq\selenium\selenium-server\3.4.0\selenium-server-3.4.0.jar;C:\Users\dsg206.lcl\.m2\repository\org\seleniumhq\selenium\selenium-api\3.4.0\selenium-api-3.4.0.jar;C:\Users\dsg206.lcl\.m2\repository\org\seleniumhq\selenium\selenium-chrome-driver\3.4.0\selenium-chrome-driver-3.4.0.jar;C:\Users\dsg206.lcl\.m2\repository\org\seleniumhq\selenium\selenium-edge-driver\3.4.0\selenium-edge-driver-3.4.0.jar;C:\Users\dsg206.lcl\.m2\repository\org\seleniumhq\selenium\selenium-firefox-driver\3.4.0\selenium-firefox-driver-3.4.0.jar;C:\Users\dsg206.lcl\.m2\repository\org\seleniumhq\selenium\selenium-ie-driver\3.4.0\selenium-ie-driver-3.4.0.jar;C:\Users\dsg206.lcl\.m2\repository\org\seleniumhq\selenium\selenium-opera-driver\3.4.0\selenium-opera-driver-3.4.0.jar;C:\Users\dsg206.lcl\.m2\repository\org\seleniumhq\selenium\selenium-remote-driver\3.4.0\selenium-remote-driver-3.4.0.jar;C:\Users\dsg206.lcl\.m2\repository\org\seleniumhq\selenium\selenium-safari-driver\3.4.0\selenium-safari-driver-3.4.0.jar;C:\Users\dsg206.lcl\.m2\repository\org\seleniumhq\selenium\selenium-support\3.4.0\selenium-support-3.4.0.jar;C:\Users\dsg206.lcl\.m2\repository\com\beust\jcommander\1.48\jcommander-1.48.jar;C:\Users\dsg206.lcl\.m2\repository\cglib\cglib-nodep\3.2.4\cglib-nodep-3.2.4.jar;C:\Users\dsg206.lcl\.m2\repository\org\apache\commons\commons-exec\1.3\commons-exec-1.3.jar;C:\Users\dsg206.lcl\.m2\repository\org\apache\commons\commons-lang3\3.5\commons-lang3-3.5.jar;C:\Users\dsg206.lcl\.m2\repository\commons-codec\commons-codec\1.10\commons-codec-1.10.jar;C:\Users\dsg206.lcl\.m2\repository\commons-io\commons-io\2.5\commons-io-2.5.jar;C:\Users\dsg206.lcl\.m2\repository\commons-logging\commons-logging\1.2\commons-logging-1.2.jar;C:\Users\dsg206.lcl\.m2\repository\org\w3c\css\sac\1.3\sac-1.3.jar;C:\Users\dsg206.lcl\.m2\repository\net\sourceforge\cssparser\cssparser\0.9.22\cssparser-0.9.22.jar;C:\Users\dsg206.lcl\.m2\repository\com\google\code\gson\gson\2.8.0\gson-2.8.0.jar;C:\Users\dsg206.lcl\.m2\repository\com\google\guava\guava\21.0\guava-21.0.jar;C:\Users\dsg206.lcl\.m2\repository\org\hamcrest\hamcrest-core\1.3\hamcrest-core-1.3.jar;C:\Users\dsg206.lcl\.m2\repository\net\sourceforge\htmlunit\htmlunit\2.26\htmlunit-2.26.jar;C:\Users\dsg206.lcl\.m2\repository\net\sourceforge\htmlunit\htmlunit-core-js\2.26\htmlunit-core-js-2.26.jar;C:\Users\dsg206.lcl\.m2\repository\net\sourceforge\htmlunit\neko-htmlunit\2.25\neko-htmlunit-2.25.jar;C:\Users\dsg206.lcl\.m2\repository\org\apache\httpcomponents\httpclient\4.5.3\httpclient-4.5.3.jar;C:\Users\dsg206.lcl\.m2\repository\org\apache\httpcomponents\httpcore\4.4.6\httpcore-4.4.6.jar;C:\Users\dsg206.lcl\.m2\repository\org\apache\httpcomponents\httpmime\4.5.3\httpmime-4.5.3.jar;C:\Users\dsg206.lcl\.m2\repository\net\jcip\jcip-annotations\1.0\jcip-annotations-1.0.jar;C:\Users\dsg206.lcl\.m2\repository\org\seleniumhq\selenium\jetty-repacked\9.4.1.v20170120\jetty-repacked-9.4.1.v20170120.jar;C:\Users\dsg206.lcl\.m2\repository\org\eclipse\jetty\jetty-io\9.4.1.v20170120\jetty-io-9.4.1.v20170120.jar;C:\Users\dsg206.lcl\.m2\repository\org\eclipse\jetty\jetty-util\9.4.1.v20170120\jetty-util-9.4.1.v20170120.jar;C:\Users\dsg206.lcl\.m2\repository\net\java\dev\jna\jna\4.1.0\jna-4.1.0.jar;C:\Users\dsg206.lcl\.m2\repository\net\java\dev\jna\jna-platform\4.1.0\jna-platform-4.1.0.jar;C:\Users\dsg206.lcl\.m2\repository\junit\junit\4.12\junit-4.12.jar;C:\Users\dsg206.lcl\.m2\repository\com\codeborne\phantomjsdriver\1.4.0\phantomjsdriver-1.4.0.jar;C:\Users\dsg206.lcl\.m2\repository\org\seleniumhq\selenium\htmlunit-driver\2.26\htmlunit-driver-2.26.jar;C:\Users\dsg206.lcl\.m2\repository\javax\servlet\javax.servlet-api\3.1.0\javax.servlet-api-3.1.0.jar;C:\Users\dsg206.lcl\.m2\repository\org\eclipse\jetty\websocket\websocket-api\9.4.3.v20170317\websocket-api-9.4.3.v20170317.jar;C:\Users\dsg206.lcl\.m2\repository\org\eclipse\jetty\websocket\websocket-client\9.4.3.v20170317\websocket-client-9.4.3.v20170317.jar;C:\Users\dsg206.lcl\.m2\repository\org\eclipse\jetty\jetty-client\9.4.3.v20170317\jetty-client-9.4.3.v20170317.jar;C:\Users\dsg206.lcl\.m2\repository\org\eclipse\jetty\jetty-http\9.4.3.v20170317\jetty-http-9.4.3.v20170317.jar;C:\Users\dsg206.lcl\.m2\repository\org\eclipse\jetty\websocket\websocket-common\9.4.3.v20170317\websocket-common-9.4.3.v20170317.jar;C:\Users\dsg206.lcl\.m2\repository\xalan\serializer\2.7.2\serializer-2.7.2.jar;C:\Users\dsg206.lcl\.m2\repository\xalan\xalan\2.7.2\xalan-2.7.2.jar;C:\Users\dsg206.lcl\.m2\repository\xerces\xercesImpl\2.11.0\xercesImpl-2.11.0.jar;C:\Users\dsg206.lcl\.m2\repository\xml-apis\xml-apis\1.4.01\xml-apis-1.4.01.jar;C:\Users\dsg206.lcl\.m2\repository\org\yaml\snakeyaml\1.15\snakeyaml-1.15.jar;C:\Users\dsg206.lcl\.m2\repository\net\serenity-bdd\serenity-core\1.9.32\serenity-core-1.9.32.jar;C:\Users\dsg206.lcl\.m2\repository\com\google\inject\guice\4.2.0\guice-4.2.0.jar;C:\Users\dsg206.lcl\.m2\repository\javax\inject\javax.inject\1\javax.inject-1.jar;C:\Users\dsg206.lcl\.m2\repository\aopalliance\aopalliance\1.0\aopalliance-1.0.jar;C:\Users\dsg206.lcl\.m2\repository\cglib\cglib\3.2.5\cglib-3.2.5.jar;C:\Users\dsg206.lcl\.m2\repository\org\apache\ant\ant\1.9.6\ant-1.9.6.jar;C:\Users\dsg206.lcl\.m2\repository\org\apache\ant\ant-launcher\1.9.6\ant-launcher-1.9.6.jar;C:\Users\dsg206.lcl\.m2\repository\org\ow2\asm\asm\5.0.3\asm-5.0.3.jar;C:\Users\dsg206.lcl\.m2\repository\org\objenesis\objenesis\2.6\objenesis-2.6.jar;C:\Users\dsg206.lcl\.m2\repository\org\slf4j\slf4j-api\1.7.25\slf4j-api-1.7.25.jar;C:\Users\dsg206.lcl\.m2\repository\io\cucumber\cucumber-core\2.4.0\cucumber-core-2.4.0.jar;C:\Users\dsg206.lcl\.m2\repository\info\cukes\cucumber-html\0.2.6\cucumber-html-0.2.6.jar;C:\Users\dsg206.lcl\.m2\repository\io\cucumber\cucumber-jvm-deps\1.0.6\cucumber-jvm-deps-1.0.6.jar;C:\Users\dsg206.lcl\.m2\repository\io\cucumber\gherkin\5.0.0\gherkin-5.0.0.jar;C:\Users\dsg206.lcl\.m2\repository\io\cucumber\tag-expressions\1.1.1\tag-expressions-1.1.1.jar;C:\Users\dsg206.lcl\.m2\repository\org\mockito\mockito-core\1.10.19\mockito-core-1.10.19.jar;C:\Users\dsg206.lcl\.m2\repository\net\bytebuddy\byte-buddy\1.8.12\byte-buddy-1.8.12.jar;C:\Users\dsg206.lcl\.m2\repository\io\vavr\vavr\0.9.0\vavr-0.9.0.jar;C:\Users\dsg206.lcl\.m2\repository\io\vavr\vavr-match\0.9.0\vavr-match-0.9.0.jar;C:\Users\dsg206.lcl\.m2\repository\net\serenity-bdd\serenity-report-resources\1.9.32\serenity-report-resources-1.9.32.jar;C:\Users\dsg206.lcl\.m2\repository\net\serenity-bdd\serenity-model\1.9.32\serenity-model-1.9.32.jar;C:\Users\dsg206.lcl\.m2\repository\commons-net\commons-net\3.6\commons-net-3.6.jar;C:\Users\dsg206.lcl\.m2\repository\net\serenity-bdd\serenity-reports\1.9.32\serenity-reports-1.9.32.jar;C:\Users\dsg206.lcl\.m2\repository\org\seleniumhq\selenium\selenium-java\3.13.0\selenium-java-3.13.0.jar;C:\Users\dsg206.lcl\.m2\repository\com\squareup\okhttp3\okhttp\3.10.0\okhttp-3.10.0.jar;C:\Users\dsg206.lcl\.m2\repository\com\squareup\okio\okio\1.14.1\okio-1.14.1.jar;C:\Users\dsg206.lcl\.m2\repository\com\paulhammant\ngwebdriver\1.1.4\ngwebdriver-1.1.4.jar;C:\Users\dsg206.lcl\.m2\repository\org\codehaus\groovy\groovy\2.4.12\groovy-2.4.12.jar;C:\Users\dsg206.lcl\.m2\repository\net\sf\opencsv\opencsv\2.0\opencsv-2.0.jar;C:\Users\dsg206.lcl\.m2\repository\commons-beanutils\commons-beanutils-core\1.8.3\commons-beanutils-core-1.8.3.jar;C:\Users\dsg206.lcl\.m2\repository\joda-time\joda-time\2.7\joda-time-2.7.jar;C:\Users\dsg206.lcl\.m2\repository\com\thoughtworks\xstream\xstream\1.4.9\xstream-1.4.9.jar;C:\Users\dsg206.lcl\.m2\repository\xmlpull\xmlpull\1.1.3.1\xmlpull-1.1.3.1.jar;C:\Users\dsg206.lcl\.m2\repository\xpp3\xpp3_min\1.1.4c\xpp3_min-1.1.4c.jar;C:\Users\dsg206.lcl\.m2\repository\commons-collections\commons-collections\3.2.2\commons-collections-3.2.2.jar;C:\Users\dsg206.lcl\.m2\repository\org\freemarker\freemarker\2.3.28\freemarker-2.3.28.jar;C:\Users\dsg206.lcl\.m2\repository\net\sourceforge\jexcelapi\jxl\2.6.12\jxl-2.6.12.jar;C:\Users\dsg206.lcl\.m2\repository\org\hamcrest\hamcrest-library\1.3\hamcrest-library-1.3.jar;C:\Users\dsg206.lcl\.m2\repository\org\fluentlenium\fluentlenium-core\0.10.2\fluentlenium-core-0.10.2.jar;C:\Users\dsg206.lcl\.m2\repository\com\jhlabs\filters\2.0.235\filters-2.0.235.jar;C:\Users\dsg206.lcl\.m2\repository\org\asciidoctor\asciidoctorj\1.5.6\asciidoctorj-1.5.6.jar;C:\Users\dsg206.lcl\.m2\repository\org\jruby\jruby-complete\1.7.26\jruby-complete-1.7.26.jar;C:\Users\dsg206.lcl\.m2\repository\org\imgscalr\imgscalr-lib\4.2\imgscalr-lib-4.2.jar;C:\Users\dsg206.lcl\.m2\repository\javax\el\javax.el-api\2.2.4\javax.el-api-2.2.4.jar;C:\Users\dsg206.lcl\.m2\repository\org\glassfish\web\javax.el\2.2.4\javax.el-2.2.4.jar;C:\Users\dsg206.lcl\.m2\repository\org\awaitility\awaitility\3.1.0\awaitility-3.1.0.jar;C:\Users\dsg206.lcl\.m2\repository\com\typesafe\config\1.3.1\config-1.3.1.jar;C:\Users\dsg206.lcl\.m2\repository\org\jsoup\jsoup\1.10.3\jsoup-1.10.3.jar;C:\Users\dsg206.lcl\.m2\repository\com\google\jimfs\jimfs\1.1\jimfs-1.1.jar;C:\Users\dsg206.lcl\.m2\repository\es\nitaur\markdown\txtmark\0.16\txtmark-0.16.jar;C:\Users\dsg206.lcl\.m2\repository\com\vladsch\flexmark\flexmark-all\0.26.4\flexmark-all-0.26.4.jar;C:\Users\dsg206.lcl\.m2\repository\com\vladsch\flexmark\flexmark\0.26.4\flexmark-0.26.4.jar;C:\Users\dsg206.lcl\.m2\repository\com\vladsch\flexmark\flexmark-ext-abbreviation\0.26.4\flexmark-ext-abbreviation-0.26.4.jar;C:\Users\dsg206.lcl\.m2\repository\com\vladsch\flexmark\flexmark-ext-anchorlink\0.26.4\flexmark-ext-anchorlink-0.26.4.jar;C:\Users\dsg206.lcl\.m2\repository\com\vladsch\flexmark\flexmark-ext-aside\0.26.4\flexmark-ext-aside-0.26.4.jar;C:\Users\dsg206.lcl\.m2\repository\com\vladsch\flexmark\flexmark-ext-autolink\0.26.4\flexmark-ext-autolink-0.26.4.jar;C:\Users\dsg206.lcl\.m2\repository\org\nibor\autolink\autolink\0.6.0\autolink-0.6.0.jar;C:\Users\dsg206.lcl\.m2\repository\com\vladsch\flexmark\flexmark-ext-definition\0.26.4\flexmark-ext-definition-0.26.4.jar;C:\Users\dsg206.lcl\.m2\repository\com\vladsch\flexmark\flexmark-ext-emoji\0.26.4\flexmark-ext-emoji-0.26.4.jar;C:\Users\dsg206.lcl\.m2\repository\com\vladsch\flexmark\flexmark-ext-escaped-character\0.26.4\flexmark-ext-escaped-character-0.26.4.jar;C:\Users\dsg206.lcl\.m2\repository\com\vladsch\flexmark\flexmark-ext-footnotes\0.26.4\flexmark-ext-footnotes-0.26.4.jar;C:\Users\dsg206.lcl\.m2\repository\com\vladsch\flexmark\flexmark-ext-gfm-issues\0.26.4\flexmark-ext-gfm-issues-0.26.4.jar;C:\Users\dsg206.lcl\.m2\repository\com\vladsch\flexmark\flexmark-ext-gfm-strikethrough\0.26.4\flexmark-ext-gfm-strikethrough-0.26.4.jar;C:\Users\dsg206.lcl\.m2\repository\com\vladsch\flexmark\flexmark-ext-gfm-tables\0.26.4\flexmark-ext-gfm-tables-0.26.4.jar;C:\Users\dsg206.lcl\.m2\repository\com\vladsch\flexmark\flexmark-ext-gfm-tasklist\0.26.4\flexmark-ext-gfm-tasklist-0.26.4.jar;C:\Users\dsg206.lcl\.m2\repository\com\vladsch\flexmark\flexmark-ext-gfm-users\0.26.4\flexmark-ext-gfm-users-0.26.4.jar;C:\Users\dsg206.lcl\.m2\repository\com\vladsch\flexmark\flexmark-ext-jekyll-front-matter\0.26.4\flexmark-ext-jekyll-front-matter-0.26.4.jar;C:\Users\dsg206.lcl\.m2\repository\com\vladsch\flexmark\flexmark-ext-jekyll-tag\0.26.4\flexmark-ext-jekyll-tag-0.26.4.jar;C:\Users\dsg206.lcl\.m2\repository\com\vladsch\flexmark\flexmark-ext-ins\0.26.4\flexmark-ext-ins-0.26.4.jar;C:\Users\dsg206.lcl\.m2\repository\com\vladsch\flexmark\flexmark-ext-xwiki-macros\0.26.4\flexmark-ext-xwiki-macros-0.26.4.jar;C:\Users\dsg206.lcl\.m2\repository\com\vladsch\flexmark\flexmark-ext-superscript\0.26.4\flexmark-ext-superscript-0.26.4.jar;C:\Users\dsg206.lcl\.m2\repository\com\vladsch\flexmark\flexmark-ext-tables\0.26.4\flexmark-ext-tables-0.26.4.jar;C:\Users\dsg206.lcl\.m2\repository\com\vladsch\flexmark\flexmark-ext-toc\0.26.4\flexmark-ext-toc-0.26.4.jar;C:\Users\dsg206.lcl\.m2\repository\com\vladsch\flexmark\flexmark-ext-typographic\0.26.4\flexmark-ext-typographic-0.26.4.jar;C:\Users\dsg206.lcl\.m2\repository\com\vladsch\flexmark\flexmark-ext-wikilink\0.26.4\flexmark-ext-wikilink-0.26.4.jar;C:\Users\dsg206.lcl\.m2\repository\com\vladsch\flexmark\flexmark-ext-yaml-front-matter\0.26.4\flexmark-ext-yaml-front-matter-0.26.4.jar;C:\Users\dsg206.lcl\.m2\repository\com\vladsch\flexmark\flexmark-formatter\0.26.4\flexmark-formatter-0.26.4.jar;C:\Users\dsg206.lcl\.m2\repository\com\vladsch\flexmark\flexmark-html-parser\0.26.4\flexmark-html-parser-0.26.4.jar;C:\Users\dsg206.lcl\.m2\repository\com\vladsch\flexmark\flexmark-jira-converter\0.26.4\flexmark-jira-converter-0.26.4.jar;C:\Users\dsg206.lcl\.m2\repository\com\vladsch\flexmark\flexmark-pdf-converter\0.26.4\flexmark-pdf-converter-0.26.4.jar;C:\Users\dsg206.lcl\.m2\repository\com\openhtmltopdf\openhtmltopdf-core\0.0.1-RC9\openhtmltopdf-core-0.0.1-RC9.jar;C:\Users\dsg206.lcl\.m2\repository\com\openhtmltopdf\openhtmltopdf-pdfbox\0.0.1-RC9\openhtmltopdf-pdfbox-0.0.1-RC9.jar;C:\Users\dsg206.lcl\.m2\repository\org\apache\pdfbox\pdfbox\2.0.4\pdfbox-2.0.4.jar;C:\Users\dsg206.lcl\.m2\repository\org\apache\pdfbox\fontbox\2.0.4\fontbox-2.0.4.jar;C:\Users\dsg206.lcl\.m2\repository\com\openhtmltopdf\openhtmltopdf-rtl-support\0.0.1-RC9\openhtmltopdf-rtl-support-0.0.1-RC9.jar;C:\Users\dsg206.lcl\.m2\repository\com\ibm\icu\icu4j\58.1\icu4j-58.1.jar;C:\Users\dsg206.lcl\.m2\repository\com\openhtmltopdf\openhtmltopdf-jsoup-dom-converter\0.0.1-RC9\openhtmltopdf-jsoup-dom-converter-0.0.1-RC9.jar;C:\Users\dsg206.lcl\.m2\repository\com\vladsch\flexmark\flexmark-profile-pegdown\0.26.4\flexmark-profile-pegdown-0.26.4.jar;C:\Users\dsg206.lcl\.m2\repository\com\vladsch\flexmark\flexmark-util\0.26.4\flexmark-util-0.26.4.jar;C:\Users\dsg206.lcl\.m2\repository\com\vladsch\flexmark\flexmark-youtrack-converter\0.26.4\flexmark-youtrack-converter-0.26.4.jar;C:\Users\dsg206.lcl\.m2\repository\org\testng\testng\6.11\testng-6.11.jar;C:\Users\dsg206.lcl\.m2\repository\org\apache\poi\poi\3.9\poi-3.9.jar;C:\Users\dsg206.lcl\.m2\repository\org\apache\poi\poi-ooxml\3.9\poi-ooxml-3.9.jar;C:\Users\dsg206.lcl\.m2\repository\dom4j\dom4j\1.6.1\dom4j-1.6.1.jar;C:\Users\dsg206.lcl\.m2\repository\org\apache\poi\poi-ooxml-schemas\3.9\poi-ooxml-schemas-3.9.jar;C:\Users\dsg206.lcl\.m2\repository\org\apache\xmlbeans\xmlbeans\2.3.0\xmlbeans-2.3.0.jar;C:\Users\dsg206.lcl\.m2\repository\stax\stax-api\1.0.1\stax-api-1.0.1.jar;C:\Users\dsg206.lcl\.m2\repository\org\apache\poi\poi-scratchpad\3.9\poi-scratchpad-3.9.jar;C:\Users\dsg206.lcl\.m2\repository\org\apache\poi\ooxml-schemas\1.1\ooxml-schemas-1.1.jar;C:\Users\dsg206.lcl\.m2\repository\org\apache\poi\openxml4j\1.0-beta\openxml4j-1.0-beta.jar;C:\Users\dsg206.lcl\.m2\repository\log4j\log4j\1.2.8\log4j-1.2.8.jar;C:\Users\dsg206.lcl\.m2\repository\com\relevantcodes\extentreports\2.41.2\extentreports-2.41.2.jar;C:\Users\dsg206.lcl\.m2\repository\org\xerial\sqlite-jdbc\3.8.11.1\sqlite-jdbc-3.8.11.1.jar;C:\Users\dsg206.lcl\.m2\repository\org\mongodb\mongodb-driver\3.0.4\mongodb-driver-3.0.4.jar;C:\Users\dsg206.lcl\.m2\repository\org\mongodb\bson\3.0.4\bson-3.0.4.jar;C:\Users\dsg206.lcl\.m2\repository\org\mongodb\mongodb-driver-core\3.0.4\mongodb-driver-core-3.0.4.jar;C:\Users\dsg206.lcl\.m2\repository\io\appium\java-client\5.0.0-BETA6\java-client-5.0.0-BETA6.jar;C:\Users\dsg206.lcl\.m2\repository\commons-validator\commons-validator\1.5.1\commons-validator-1.5.1.jar;C:\Users\dsg206.lcl\.m2\repository\commons-beanutils\commons-beanutils\1.9.2\commons-beanutils-1.9.2.jar;C:\Users\dsg206.lcl\.m2\repository\commons-digester\commons-digester\1.8.1\commons-digester-1.8.1.jar;C:\Users\dsg206.lcl\.m2\repository\org\springframework\spring-context\4.3.5.RELEASE\spring-context-4.3.5.RELEASE.jar;C:\Users\dsg206.lcl\.m2\repository\org\springframework\spring-aop\4.3.5.RELEASE\spring-aop-4.3.5.RELEASE.jar;C:\Users\dsg206.lcl\.m2\repository\org\springframework\spring-beans\4.3.5.RELEASE\spring-beans-4.3.5.RELEASE.jar;C:\Users\dsg206.lcl\.m2\repository\org\springframework\spring-core\4.3.5.RELEASE\spring-core-4.3.5.RELEASE.jar;C:\Users\dsg206.lcl\.m2\repository\org\springframework\spring-expression\4.3.5.RELEASE\spring-expression-4.3.5.RELEASE.jar;C:\Users\dsg206.lcl\.m2\repository\org\aspectj\aspectjweaver\1.8.10\aspectjweaver-1.8.10.jar;C:\Users\dsg206.lcl\.m2\repository\org\apache\maven\surefire\surefire-testng-utils\2.21.0\surefire-testng-utils-2.21.0.jar;C:\Users\dsg206.lcl\.m2\repository\org\apache\maven\surefire\surefire-grouper\2.21.0\surefire-grouper-2.21.0.jar;"/>
    <property name="java.vm.vendor" value="Oracle Corporation"/>
    <property name="sun.arch.data.model" value="64"/>
    <property name="user.variant" value=""/>
    <property name="java.vendor.url" value="http://java.oracle.com/"/>
    <property name="user.timezone" value=""/>
    <property name="user.country.format" value="AE"/>
    <property name="java.vm.specification.version" value="1.8"/>
    <property name="os.name" value="Windows 10"/>
    <property name="user.country" value="US"/>
    <property name="sun.java.launcher" value="SUN_STANDARD"/>
    <property name="sun.boot.library.path" value="C:\Program Files\Java\jdk1.8.0_181\jre\bin"/>
    <property name="sun.java.command" value="C:\Users\dsg206.lcl\AppData\Local\Temp\surefire7727530407333225926\surefirebooter6438721193964746132.jar C:\Users\dsg206.lcl\AppData\Local\Temp\surefire7727530407333225926 2018-08-09T12-21-30_442-jvmRun1 surefire7653691778858149708tmp surefire_05483949332875658190tmp"/>
    <property name="surefire.test.class.path" value="C:\SeleniumAppium Scripts\POMJenkinsAIDExtn\target\test-classes;C:\SeleniumAppium Scripts\POMJenkinsAIDExtn\target\classes;C:\Users\dsg206.lcl\.m2\repository\org\seleniumhq\selenium\selenium-server\3.4.0\selenium-server-3.4.0.jar;C:\Users\dsg206.lcl\.m2\repository\org\seleniumhq\selenium\selenium-api\3.4.0\selenium-api-3.4.0.jar;C:\Users\dsg206.lcl\.m2\repository\org\seleniumhq\selenium\selenium-chrome-driver\3.4.0\selenium-chrome-driver-3.4.0.jar;C:\Users\dsg206.lcl\.m2\repository\org\seleniumhq\selenium\selenium-edge-driver\3.4.0\selenium-edge-driver-3.4.0.jar;C:\Users\dsg206.lcl\.m2\repository\org\seleniumhq\selenium\selenium-firefox-driver\3.4.0\selenium-firefox-driver-3.4.0.jar;C:\Users\dsg206.lcl\.m2\repository\org\seleniumhq\selenium\selenium-ie-driver\3.4.0\selenium-ie-driver-3.4.0.jar;C:\Users\dsg206.lcl\.m2\repository\org\seleniumhq\selenium\selenium-opera-driver\3.4.0\selenium-opera-driver-3.4.0.jar;C:\Users\dsg206.lcl\.m2\repository\org\seleniumhq\selenium\selenium-remote-driver\3.4.0\selenium-remote-driver-3.4.0.jar;C:\Users\dsg206.lcl\.m2\repository\org\seleniumhq\selenium\selenium-safari-driver\3.4.0\selenium-safari-driver-3.4.0.jar;C:\Users\dsg206.lcl\.m2\repository\org\seleniumhq\selenium\selenium-support\3.4.0\selenium-support-3.4.0.jar;C:\Users\dsg206.lcl\.m2\repository\com\beust\jcommander\1.48\jcommander-1.48.jar;C:\Users\dsg206.lcl\.m2\repository\cglib\cglib-nodep\3.2.4\cglib-nodep-3.2.4.jar;C:\Users\dsg206.lcl\.m2\repository\org\apache\commons\commons-exec\1.3\commons-exec-1.3.jar;C:\Users\dsg206.lcl\.m2\repository\org\apache\commons\commons-lang3\3.5\commons-lang3-3.5.jar;C:\Users\dsg206.lcl\.m2\repository\commons-codec\commons-codec\1.10\commons-codec-1.10.jar;C:\Users\dsg206.lcl\.m2\repository\commons-io\commons-io\2.5\commons-io-2.5.jar;C:\Users\dsg206.lcl\.m2\repository\commons-logging\commons-logging\1.2\commons-logging-1.2.jar;C:\Users\dsg206.lcl\.m2\repository\org\w3c\css\sac\1.3\sac-1.3.jar;C:\Users\dsg206.lcl\.m2\repository\net\sourceforge\cssparser\cssparser\0.9.22\cssparser-0.9.22.jar;C:\Users\dsg206.lcl\.m2\repository\com\google\code\gson\gson\2.8.0\gson-2.8.0.jar;C:\Users\dsg206.lcl\.m2\repository\com\google\guava\guava\21.0\guava-21.0.jar;C:\Users\dsg206.lcl\.m2\repository\org\hamcrest\hamcrest-core\1.3\hamcrest-core-1.3.jar;C:\Users\dsg206.lcl\.m2\repository\net\sourceforge\htmlunit\htmlunit\2.26\htmlunit-2.26.jar;C:\Users\dsg206.lcl\.m2\repository\net\sourceforge\htmlunit\htmlunit-core-js\2.26\htmlunit-core-js-2.26.jar;C:\Users\dsg206.lcl\.m2\repository\net\sourceforge\htmlunit\neko-htmlunit\2.25\neko-htmlunit-2.25.jar;C:\Users\dsg206.lcl\.m2\repository\org\apache\httpcomponents\httpclient\4.5.3\httpclient-4.5.3.jar;C:\Users\dsg206.lcl\.m2\repository\org\apache\httpcomponents\httpcore\4.4.6\httpcore-4.4.6.jar;C:\Users\dsg206.lcl\.m2\repository\org\apache\httpcomponents\httpmime\4.5.3\httpmime-4.5.3.jar;C:\Users\dsg206.lcl\.m2\repository\net\jcip\jcip-annotations\1.0\jcip-annotations-1.0.jar;C:\Users\dsg206.lcl\.m2\repository\org\seleniumhq\selenium\jetty-repacked\9.4.1.v20170120\jetty-repacked-9.4.1.v20170120.jar;C:\Users\dsg206.lcl\.m2\repository\org\eclipse\jetty\jetty-io\9.4.1.v20170120\jetty-io-9.4.1.v20170120.jar;C:\Users\dsg206.lcl\.m2\repository\org\eclipse\jetty\jetty-util\9.4.1.v20170120\jetty-util-9.4.1.v20170120.jar;C:\Users\dsg206.lcl\.m2\repository\net\java\dev\jna\jna\4.1.0\jna-4.1.0.jar;C:\Users\dsg206.lcl\.m2\repository\net\java\dev\jna\jna-platform\4.1.0\jna-platform-4.1.0.jar;C:\Users\dsg206.lcl\.m2\repository\junit\junit\4.12\junit-4.12.jar;C:\Users\dsg206.lcl\.m2\repository\com\codeborne\phantomjsdriver\1.4.0\phantomjsdriver-1.4.0.jar;C:\Users\dsg206.lcl\.m2\repository\org\seleniumhq\selenium\htmlunit-driver\2.26\htmlunit-driver-2.26.jar;C:\Users\dsg206.lcl\.m2\repository\javax\servlet\javax.servlet-api\3.1.0\javax.servlet-api-3.1.0.jar;C:\Users\dsg206.lcl\.m2\repository\org\eclipse\jetty\websocket\websocket-api\9.4.3.v20170317\websocket-api-9.4.3.v20170317.jar;C:\Users\dsg206.lcl\.m2\repository\org\eclipse\jetty\websocket\websocket-client\9.4.3.v20170317\websocket-client-9.4.3.v20170317.jar;C:\Users\dsg206.lcl\.m2\repository\org\eclipse\jetty\jetty-client\9.4.3.v20170317\jetty-client-9.4.3.v20170317.jar;C:\Users\dsg206.lcl\.m2\repository\org\eclipse\jetty\jetty-http\9.4.3.v20170317\jetty-http-9.4.3.v20170317.jar;C:\Users\dsg206.lcl\.m2\repository\org\eclipse\jetty\websocket\websocket-common\9.4.3.v20170317\websocket-common-9.4.3.v20170317.jar;C:\Users\dsg206.lcl\.m2\repository\xalan\serializer\2.7.2\serializer-2.7.2.jar;C:\Users\dsg206.lcl\.m2\repository\xalan\xalan\2.7.2\xalan-2.7.2.jar;C:\Users\dsg206.lcl\.m2\repository\xerces\xercesImpl\2.11.0\xercesImpl-2.11.0.jar;C:\Users\dsg206.lcl\.m2\repository\xml-apis\xml-apis\1.4.01\xml-apis-1.4.01.jar;C:\Users\dsg206.lcl\.m2\repository\org\yaml\snakeyaml\1.15\snakeyaml-1.15.jar;C:\Users\dsg206.lcl\.m2\repository\net\serenity-bdd\serenity-core\1.9.32\serenity-core-1.9.32.jar;C:\Users\dsg206.lcl\.m2\repository\com\google\inject\guice\4.2.0\guice-4.2.0.jar;C:\Users\dsg206.lcl\.m2\repository\javax\inject\javax.inject\1\javax.inject-1.jar;C:\Users\dsg206.lcl\.m2\repository\aopalliance\aopalliance\1.0\aopalliance-1.0.jar;C:\Users\dsg206.lcl\.m2\repository\cglib\cglib\3.2.5\cglib-3.2.5.jar;C:\Users\dsg206.lcl\.m2\repository\org\apache\ant\ant\1.9.6\ant-1.9.6.jar;C:\Users\dsg206.lcl\.m2\repository\org\apache\ant\ant-launcher\1.9.6\ant-launcher-1.9.6.jar;C:\Users\dsg206.lcl\.m2\repository\org\ow2\asm\asm\5.0.3\asm-5.0.3.jar;C:\Users\dsg206.lcl\.m2\repository\org\objenesis\objenesis\2.6\objenesis-2.6.jar;C:\Users\dsg206.lcl\.m2\repository\org\slf4j\slf4j-api\1.7.25\slf4j-api-1.7.25.jar;C:\Users\dsg206.lcl\.m2\repository\io\cucumber\cucumber-core\2.4.0\cucumber-core-2.4.0.jar;C:\Users\dsg206.lcl\.m2\repository\info\cukes\cucumber-html\0.2.6\cucumber-html-0.2.6.jar;C:\Users\dsg206.lcl\.m2\repository\io\cucumber\cucumber-jvm-deps\1.0.6\cucumber-jvm-deps-1.0.6.jar;C:\Users\dsg206.lcl\.m2\repository\io\cucumber\gherkin\5.0.0\gherkin-5.0.0.jar;C:\Users\dsg206.lcl\.m2\repository\io\cucumber\tag-expressions\1.1.1\tag-expressions-1.1.1.jar;C:\Users\dsg206.lcl\.m2\repository\org\mockito\mockito-core\1.10.19\mockito-core-1.10.19.jar;C:\Users\dsg206.lcl\.m2\repository\net\bytebuddy\byte-buddy\1.8.12\byte-buddy-1.8.12.jar;C:\Users\dsg206.lcl\.m2\repository\io\vavr\vavr\0.9.0\vavr-0.9.0.jar;C:\Users\dsg206.lcl\.m2\repository\io\vavr\vavr-match\0.9.0\vavr-match-0.9.0.jar;C:\Users\dsg206.lcl\.m2\repository\net\serenity-bdd\serenity-report-resources\1.9.32\serenity-report-resources-1.9.32.jar;C:\Users\dsg206.lcl\.m2\repository\net\serenity-bdd\serenity-model\1.9.32\serenity-model-1.9.32.jar;C:\Users\dsg206.lcl\.m2\repository\commons-net\commons-net\3.6\commons-net-3.6.jar;C:\Users\dsg206.lcl\.m2\repository\net\serenity-bdd\serenity-reports\1.9.32\serenity-reports-1.9.32.jar;C:\Users\dsg206.lcl\.m2\repository\org\seleniumhq\selenium\selenium-java\3.13.0\selenium-java-3.13.0.jar;C:\Users\dsg206.lcl\.m2\repository\com\squareup\okhttp3\okhttp\3.10.0\okhttp-3.10.0.jar;C:\Users\dsg206.lcl\.m2\repository\com\squareup\okio\okio\1.14.1\okio-1.14.1.jar;C:\Users\dsg206.lcl\.m2\repository\com\paulhammant\ngwebdriver\1.1.4\ngwebdriver-1.1.4.jar;C:\Users\dsg206.lcl\.m2\repository\org\codehaus\groovy\groovy\2.4.12\groovy-2.4.12.jar;C:\Users\dsg206.lcl\.m2\repository\net\sf\opencsv\opencsv\2.0\opencsv-2.0.jar;C:\Users\dsg206.lcl\.m2\repository\commons-beanutils\commons-beanutils-core\1.8.3\commons-beanutils-core-1.8.3.jar;C:\Users\dsg206.lcl\.m2\repository\joda-time\joda-time\2.7\joda-time-2.7.jar;C:\Users\dsg206.lcl\.m2\repository\com\thoughtworks\xstream\xstream\1.4.9\xstream-1.4.9.jar;C:\Users\dsg206.lcl\.m2\repository\xmlpull\xmlpull\1.1.3.1\xmlpull-1.1.3.1.jar;C:\Users\dsg206.lcl\.m2\repository\xpp3\xpp3_min\1.1.4c\xpp3_min-1.1.4c.jar;C:\Users\dsg206.lcl\.m2\repository\commons-collections\commons-collections\3.2.2\commons-collections-3.2.2.jar;C:\Users\dsg206.lcl\.m2\repository\org\freemarker\freemarker\2.3.28\freemarker-2.3.28.jar;C:\Users\dsg206.lcl\.m2\repository\net\sourceforge\jexcelapi\jxl\2.6.12\jxl-2.6.12.jar;C:\Users\dsg206.lcl\.m2\repository\org\hamcrest\hamcrest-library\1.3\hamcrest-library-1.3.jar;C:\Users\dsg206.lcl\.m2\repository\org\fluentlenium\fluentlenium-core\0.10.2\fluentlenium-core-0.10.2.jar;C:\Users\dsg206.lcl\.m2\repository\com\jhlabs\filters\2.0.235\filters-2.0.235.jar;C:\Users\dsg206.lcl\.m2\repository\org\asciidoctor\asciidoctorj\1.5.6\asciidoctorj-1.5.6.jar;C:\Users\dsg206.lcl\.m2\repository\org\jruby\jruby-complete\1.7.26\jruby-complete-1.7.26.jar;C:\Users\dsg206.lcl\.m2\repository\org\imgscalr\imgscalr-lib\4.2\imgscalr-lib-4.2.jar;C:\Users\dsg206.lcl\.m2\repository\javax\el\javax.el-api\2.2.4\javax.el-api-2.2.4.jar;C:\Users\dsg206.lcl\.m2\repository\org\glassfish\web\javax.el\2.2.4\javax.el-2.2.4.jar;C:\Users\dsg206.lcl\.m2\repository\org\awaitility\awaitility\3.1.0\awaitility-3.1.0.jar;C:\Users\dsg206.lcl\.m2\repository\com\typesafe\config\1.3.1\config-1.3.1.jar;C:\Users\dsg206.lcl\.m2\repository\org\jsoup\jsoup\1.10.3\jsoup-1.10.3.jar;C:\Users\dsg206.lcl\.m2\repository\com\google\jimfs\jimfs\1.1\jimfs-1.1.jar;C:\Users\dsg206.lcl\.m2\repository\es\nitaur\markdown\txtmark\0.16\txtmark-0.16.jar;C:\Users\dsg206.lcl\.m2\repository\com\vladsch\flexmark\flexmark-all\0.26.4\flexmark-all-0.26.4.jar;C:\Users\dsg206.lcl\.m2\repository\com\vladsch\flexmark\flexmark\0.26.4\flexmark-0.26.4.jar;C:\Users\dsg206.lcl\.m2\repository\com\vladsch\flexmark\flexmark-ext-abbreviation\0.26.4\flexmark-ext-abbreviation-0.26.4.jar;C:\Users\dsg206.lcl\.m2\repository\com\vladsch\flexmark\flexmark-ext-anchorlink\0.26.4\flexmark-ext-anchorlink-0.26.4.jar;C:\Users\dsg206.lcl\.m2\repository\com\vladsch\flexmark\flexmark-ext-aside\0.26.4\flexmark-ext-aside-0.26.4.jar;C:\Users\dsg206.lcl\.m2\repository\com\vladsch\flexmark\flexmark-ext-autolink\0.26.4\flexmark-ext-autolink-0.26.4.jar;C:\Users\dsg206.lcl\.m2\repository\org\nibor\autolink\autolink\0.6.0\autolink-0.6.0.jar;C:\Users\dsg206.lcl\.m2\repository\com\vladsch\flexmark\flexmark-ext-definition\0.26.4\flexmark-ext-definition-0.26.4.jar;C:\Users\dsg206.lcl\.m2\repository\com\vladsch\flexmark\flexmark-ext-emoji\0.26.4\flexmark-ext-emoji-0.26.4.jar;C:\Users\dsg206.lcl\.m2\repository\com\vladsch\flexmark\flexmark-ext-escaped-character\0.26.4\flexmark-ext-escaped-character-0.26.4.jar;C:\Users\dsg206.lcl\.m2\repository\com\vladsch\flexmark\flexmark-ext-footnotes\0.26.4\flexmark-ext-footnotes-0.26.4.jar;C:\Users\dsg206.lcl\.m2\repository\com\vladsch\flexmark\flexmark-ext-gfm-issues\0.26.4\flexmark-ext-gfm-issues-0.26.4.jar;C:\Users\dsg206.lcl\.m2\repository\com\vladsch\flexmark\flexmark-ext-gfm-strikethrough\0.26.4\flexmark-ext-gfm-strikethrough-0.26.4.jar;C:\Users\dsg206.lcl\.m2\repository\com\vladsch\flexmark\flexmark-ext-gfm-tables\0.26.4\flexmark-ext-gfm-tables-0.26.4.jar;C:\Users\dsg206.lcl\.m2\repository\com\vladsch\flexmark\flexmark-ext-gfm-tasklist\0.26.4\flexmark-ext-gfm-tasklist-0.26.4.jar;C:\Users\dsg206.lcl\.m2\repository\com\vladsch\flexmark\flexmark-ext-gfm-users\0.26.4\flexmark-ext-gfm-users-0.26.4.jar;C:\Users\dsg206.lcl\.m2\repository\com\vladsch\flexmark\flexmark-ext-jekyll-front-matter\0.26.4\flexmark-ext-jekyll-front-matter-0.26.4.jar;C:\Users\dsg206.lcl\.m2\repository\com\vladsch\flexmark\flexmark-ext-jekyll-tag\0.26.4\flexmark-ext-jekyll-tag-0.26.4.jar;C:\Users\dsg206.lcl\.m2\repository\com\vladsch\flexmark\flexmark-ext-ins\0.26.4\flexmark-ext-ins-0.26.4.jar;C:\Users\dsg206.lcl\.m2\repository\com\vladsch\flexmark\flexmark-ext-xwiki-macros\0.26.4\flexmark-ext-xwiki-macros-0.26.4.jar;C:\Users\dsg206.lcl\.m2\repository\com\vladsch\flexmark\flexmark-ext-superscript\0.26.4\flexmark-ext-superscript-0.26.4.jar;C:\Users\dsg206.lcl\.m2\repository\com\vladsch\flexmark\flexmark-ext-tables\0.26.4\flexmark-ext-tables-0.26.4.jar;C:\Users\dsg206.lcl\.m2\repository\com\vladsch\flexmark\flexmark-ext-toc\0.26.4\flexmark-ext-toc-0.26.4.jar;C:\Users\dsg206.lcl\.m2\repository\com\vladsch\flexmark\flexmark-ext-typographic\0.26.4\flexmark-ext-typographic-0.26.4.jar;C:\Users\dsg206.lcl\.m2\repository\com\vladsch\flexmark\flexmark-ext-wikilink\0.26.4\flexmark-ext-wikilink-0.26.4.jar;C:\Users\dsg206.lcl\.m2\repository\com\vladsch\flexmark\flexmark-ext-yaml-front-matter\0.26.4\flexmark-ext-yaml-front-matter-0.26.4.jar;C:\Users\dsg206.lcl\.m2\repository\com\vladsch\flexmark\flexmark-formatter\0.26.4\flexmark-formatter-0.26.4.jar;C:\Users\dsg206.lcl\.m2\repository\com\vladsch\flexmark\flexmark-html-parser\0.26.4\flexmark-html-parser-0.26.4.jar;C:\Users\dsg206.lcl\.m2\repository\com\vladsch\flexmark\flexmark-jira-converter\0.26.4\flexmark-jira-converter-0.26.4.jar;C:\Users\dsg206.lcl\.m2\repository\com\vladsch\flexmark\flexmark-pdf-converter\0.26.4\flexmark-pdf-converter-0.26.4.jar;C:\Users\dsg206.lcl\.m2\repository\com\openhtmltopdf\openhtmltopdf-core\0.0.1-RC9\openhtmltopdf-core-0.0.1-RC9.jar;C:\Users\dsg206.lcl\.m2\repository\com\openhtmltopdf\openhtmltopdf-pdfbox\0.0.1-RC9\openhtmltopdf-pdfbox-0.0.1-RC9.jar;C:\Users\dsg206.lcl\.m2\repository\org\apache\pdfbox\pdfbox\2.0.4\pdfbox-2.0.4.jar;C:\Users\dsg206.lcl\.m2\repository\org\apache\pdfbox\fontbox\2.0.4\fontbox-2.0.4.jar;C:\Users\dsg206.lcl\.m2\repository\com\openhtmltopdf\openhtmltopdf-rtl-support\0.0.1-RC9\openhtmltopdf-rtl-support-0.0.1-RC9.jar;C:\Users\dsg206.lcl\.m2\repository\com\ibm\icu\icu4j\58.1\icu4j-58.1.jar;C:\Users\dsg206.lcl\.m2\repository\com\openhtmltopdf\openhtmltopdf-jsoup-dom-converter\0.0.1-RC9\openhtmltopdf-jsoup-dom-converter-0.0.1-RC9.jar;C:\Users\dsg206.lcl\.m2\repository\com\vladsch\flexmark\flexmark-profile-pegdown\0.26.4\flexmark-profile-pegdown-0.26.4.jar;C:\Users\dsg206.lcl\.m2\repository\com\vladsch\flexmark\flexmark-util\0.26.4\flexmark-util-0.26.4.jar;C:\Users\dsg206.lcl\.m2\repository\com\vladsch\flexmark\flexmark-youtrack-converter\0.26.4\flexmark-youtrack-converter-0.26.4.jar;C:\Users\dsg206.lcl\.m2\repository\org\testng\testng\6.11\testng-6.11.jar;C:\Users\dsg206.lcl\.m2\repository\org\apache\poi\poi\3.9\poi-3.9.jar;C:\Users\dsg206.lcl\.m2\repository\org\apache\poi\poi-ooxml\3.9\poi-ooxml-3.9.jar;C:\Users\dsg206.lcl\.m2\repository\dom4j\dom4j\1.6.1\dom4j-1.6.1.jar;C:\Users\dsg206.lcl\.m2\repository\org\apache\poi\poi-ooxml-schemas\3.9\poi-ooxml-schemas-3.9.jar;C:\Users\dsg206.lcl\.m2\repository\org\apache\xmlbeans\xmlbeans\2.3.0\xmlbeans-2.3.0.jar;C:\Users\dsg206.lcl\.m2\repository\stax\stax-api\1.0.1\stax-api-1.0.1.jar;C:\Users\dsg206.lcl\.m2\repository\org\apache\poi\poi-scratchpad\3.9\poi-scratchpad-3.9.jar;C:\Users\dsg206.lcl\.m2\repository\org\apache\poi\ooxml-schemas\1.1\ooxml-schemas-1.1.jar;C:\Users\dsg206.lcl\.m2\repository\org\apache\poi\openxml4j\1.0-beta\openxml4j-1.0-beta.jar;C:\Users\dsg206.lcl\.m2\repository\log4j\log4j\1.2.8\log4j-1.2.8.jar;C:\Users\dsg206.lcl\.m2\repository\com\relevantcodes\extentreports\2.41.2\extentreports-2.41.2.jar;C:\Users\dsg206.lcl\.m2\repository\org\xerial\sqlite-jdbc\3.8.11.1\sqlite-jdbc-3.8.11.1.jar;C:\Users\dsg206.lcl\.m2\repository\org\mongodb\mongodb-driver\3.0.4\mongodb-driver-3.0.4.jar;C:\Users\dsg206.lcl\.m2\repository\org\mongodb\bson\3.0.4\bson-3.0.4.jar;C:\Users\dsg206.lcl\.m2\repository\org\mongodb\mongodb-driver-core\3.0.4\mongodb-driver-core-3.0.4.jar;C:\Users\dsg206.lcl\.m2\repository\io\appium\java-client\5.0.0-BETA6\java-client-5.0.0-BETA6.jar;C:\Users\dsg206.lcl\.m2\repository\commons-validator\commons-validator\1.5.1\commons-validator-1.5.1.jar;C:\Users\dsg206.lcl\.m2\repository\commons-beanutils\commons-beanutils\1.9.2\commons-beanutils-1.9.2.jar;C:\Users\dsg206.lcl\.m2\repository\commons-digester\commons-digester\1.8.1\commons-digester-1.8.1.jar;C:\Users\dsg206.lcl\.m2\repository\org\springframework\spring-context\4.3.5.RELEASE\spring-context-4.3.5.RELEASE.jar;C:\Users\dsg206.lcl\.m2\repository\org\springframework\spring-aop\4.3.5.RELEASE\spring-aop-4.3.5.RELEASE.jar;C:\Users\dsg206.lcl\.m2\repository\org\springframework\spring-beans\4.3.5.RELEASE\spring-beans-4.3.5.RELEASE.jar;C:\Users\dsg206.lcl\.m2\repository\org\springframework\spring-core\4.3.5.RELEASE\spring-core-4.3.5.RELEASE.jar;C:\Users\dsg206.lcl\.m2\repository\org\springframework\spring-expression\4.3.5.RELEASE\spring-expression-4.3.5.RELEASE.jar;C:\Users\dsg206.lcl\.m2\repository\org\aspectj\aspectjweaver\1.8.10\aspectjweaver-1.8.10.jar;C:\Users\dsg206.lcl\.m2\repository\org\apache\maven\surefire\surefire-testng-utils\2.21.0\surefire-testng-utils-2.21.0.jar;C:\Users\dsg206.lcl\.m2\repository\org\apache\maven\surefire\surefire-grouper\2.21.0\surefire-grouper-2.21.0.jar;"/>
    <property name="sun.cpu.endian" value="little"/>
    <property name="user.home" value="C:\Users\dsg206.lcl"/>
    <property name="user.language" value="en"/>
    <property name="java.specification.vendor" value="Oracle Corporation"/>
    <property name="java.home" value="C:\Program Files\Java\jdk1.8.0_181\jre"/>
    <property name="basedir" value="C:\SeleniumAppium Scripts\POMJenkinsAIDExtn"/>
    <property name="file.separator" value="\"/>
    <property name="line.separator" value="&#10;"/>
    <property name="java.vm.specification.vendor" value="Oracle Corporation"/>
    <property name="java.specification.name" value="Java Platform API Specification"/>
    <property name="java.awt.graphicsenv" value="sun.awt.Win32GraphicsEnvironment"/>
    <property name="surefire.real.class.path" value="C:\Users\dsg206.lcl\AppData\Local\Temp\surefire7727530407333225926\surefirebooter6438721193964746132.jar"/>
    <property name="sun.boot.class.path" value="C:\Program Files\Java\jdk1.8.0_181\jre\lib\resources.jar;C:\Program Files\Java\jdk1.8.0_181\jre\lib\rt.jar;C:\Program Files\Java\jdk1.8.0_181\jre\lib\sunrsasign.jar;C:\Program Files\Java\jdk1.8.0_181\jre\lib\jsse.jar;C:\Program Files\Java\jdk1.8.0_181\jre\lib\jce.jar;C:\Program Files\Java\jdk1.8.0_181\jre\lib\charsets.jar;C:\Program Files\Java\jdk1.8.0_181\jre\lib\jfr.jar;C:\Program Files\Java\jdk1.8.0_181\jre\classes;C:\Program Files (x86)\HPE\Unified Functional Testing\bin\java_shared\classes\jasmine.jar"/>
    <property name="user.script" value=""/>
    <property name="sun.management.compiler" value="HotSpot 64-Bit Tiered Compilers"/>
    <property name="java.runtime.version" value="1.8.0_181-b13"/>
    <property name="user.name" value="dsg206.lcl"/>
    <property name="path.separator" value=";"/>
    <property name="os.version" value="10.0"/>
    <property name="java.endorsed.dirs" value="C:\Program Files\Java\jdk1.8.0_181\jre\lib\endorsed"/>
    <property name="java.runtime.name" value="Java(TM) SE Runtime Environment"/>
    <property name="file.encoding" value="Cp1256"/>
    <property name="java.vm.name" value="Java HotSpot(TM) 64-Bit Server VM"/>
    <property name="localRepository" value="C:\Users\dsg206.lcl\.m2\repository"/>
    <property name="java.vendor.url.bug" value="http://bugreport.sun.com/bugreport/"/>
    <property name="java.io.tmpdir" value="C:\Users\dsg206.lcl\AppData\Local\Temp\"/>
    <property name="java.version" value="1.8.0_181"/>
    <property name="user.dir" value="C:\SeleniumAppium Scripts\POMJenkinsAIDExtn"/>
    <property name="os.arch" value="amd64"/>
    <property name="java.vm.specification.name" value="Java Virtual Machine Specification"/>
    <property name="java.awt.printerjob" value="sun.awt.windows.WPrinterJob"/>
    <property name="user.language.format" value="ar"/>
    <property name="sun.os.patch.level" value=""/>
    <property name="java.library.path" value="C:\Program Files\Java\jdk1.8.0_181\jre\bin;C:\WINDOWS\Sun\Java\bin;C:\WINDOWS\system32;C:\WINDOWS;C:\Users\dsg206.lcl\.jenkins\tools\hudson.tasks.Maven_MavenInstallation\TestMaven/bin;C:\Program Files\Java\jdk1.8.0_181/bin;C:\Program Files\Java\jdk1.8.0_181/bin;C:\Program Files\HPE\NV\lib\shunra\vcat;c:\Oracle\IDS10g\jdk\jre\bin\classic;c:\Oracle\IDS10g\jdk\jre\bin;c:\Oracle\IDS10g\jdk\jre\bin\client;c:\Oracle\IDS10g\jlib;c:\Oracle\IDS10g\bin;c:\Oracle\IDS10g\jre\1.4.2\bin\client;c:\Oracle\IDS10g\jre\1.4.2\bin;C:\WINDOWS\system32;C:\WINDOWS;C:\WINDOWS\System32\Wbem;C:\WINDOWS\System32\WindowsPowerShell\v1.0\;C:\Program Files (x86)\Enterprise Vault\EVClient\;C:\Program Files (x86)\HPE\Unified Functional Testing\bin;C:\Program Files (x86)\Java\jre1.8.0_151\bin;C:\Program Files (x86)\Mozilla Firefox\firefox.exe;C:\Program Files (x86)\Sennheiser\SoftphoneSDK\;C:\Users\BD_satyendra.mani\Downloads\axis2-1.6.2\axis2-1.6.2\bin;C:\Program Files\MySQL\MySQL Utilities 1.6\;C:\Program Files\SmartBear\SoapUI-5.2.1\bin;C:\Users\BD_satyendra.mani\Downloads\apache-ant-1.10.1-bin\apache-ant-1.10.1\bin;C:\Program Files\Java\jdk1.8.0_181\bin;C:\Users\BD_satyendra.mani\Downloads\apache-maven-3.5.2-bin\apache-maven-3.5.2\bin;C:\Users\BD_satyendra.mani\AppData\Local\Android\Sdk\tools\bin;C:\Users\BD_satyendra.mani\AppData\Local\Android\Sdk\tools;C:\Users\BD_satyendra.mani\AppData\Local\Android\Sdk\platform-tools;C:\Program Files\nodejs\node_modules\npm\bin;C:\Program Files\Firefox Developer Edition\firefox.exe;C:\Program Files\Microsoft VS Code\bin;C:\strawberry\c\bin;C:\strawberry\perl\bin;C:\ProgramData\chocolatey\bin;C:\Program Files\Git\cmd;C:\Program Files\Java\jdk1.8.0_181\bin;C:\Users\dsg206.lcl\AppData\Local\Microsoft\WindowsApps;C:\Users\dsg206.lcl\AppData\Roaming\npm;."/>
    <property name="java.vm.info" value="mixed mode"/>
    <property name="java.vendor" value="Oracle Corporation"/>
    <property name="java.vm.version" value="25.181-b13"/>
    <property name="java.ext.dirs" value="C:\Program Files\Java\jdk1.8.0_181\jre\lib\ext;C:\WINDOWS\Sun\Java\lib\ext"/>
    <property name="sun.io.unicode.encoding" value="UnicodeLittle"/>
    <property name="java.class.version" value="52.0"/>
  </properties>
  <testcase name="logoutTest" classname="com.dubainow.mobile.testcases.LogoutPageTest" time="5.132"/>
  <testcase name="loginFunctionalityTest" classname="com.dubainow.mobile.testcases.LoginPageTest" time="9.975"/>
</testsuite>