<?xml version="1.0" encoding="UTF-8"?>
<!-- Generated by org.testng.reporters.JUnitReportReporter -->
<testsuite skipped="0" hostname="SDG0SSDLOS" name="com.dubainow.mobile.testcases.LoginPageTest" tests="1" failures="0" timestamp="08 أغس 2018 10:28:28 GMT" time="65.200" errors="0">
  <testcase name="loginFunctionalityTest" time="65.200" classname="com.dubainow.mobile.testcases.LoginPageTest"/>
</testsuite> <!-- com.dubainow.mobile.testcases.LoginPageTest -->
