<?xml version="1.0" encoding="UTF-8"?>
<!-- Generated by org.testng.reporters.JUnitReportReporter -->
<testsuite skipped="0" hostname="SDG0SSDLOS" name="com.dubainow.mobile.testcases.LoginPageTest" tests="1" failures="0" timestamp="09 أغس 2018 08:23:55 GMT" time="51.563" errors="0">
  <testcase name="loginFunctionalityTest" time="51.563" classname="com.dubainow.mobile.testcases.LoginPageTest"/>
</testsuite> <!-- com.dubainow.mobile.testcases.LoginPageTest -->
