<?xml version="1.0" encoding="UTF-8"?>
<!-- Generated by org.testng.reporters.JUnitReportReporter -->
<testsuite skipped="0" hostname="SDG0SSDLOS" name="com.dubainow.mobile.testcases.LogoutPageTest" tests="1" failures="0" timestamp="09 أغس 2018 08:23:55 GMT" time="88.193" errors="0">
  <testcase name="logoutTest" time="88.193" classname="com.dubainow.mobile.testcases.LogoutPageTest"/>
</testsuite> <!-- com.dubainow.mobile.testcases.LogoutPageTest -->
